Files with NeedBracesCheck:
/home/kiz/Code/java/ChestCavityForge/src/main/java/net/tigereye/chestcavity/compat/guzhenren/domain/impl/jianxin/fx/JianXinDomainFX.java
/home/kiz/Code/java/ChestCavityForge/src/main/java/net/tigereye/chestcavity/compat/common/skillcalc/DamageCalculator.java
/home/kiz/Code/java/ChestCavityForge/src/main/java/net/tigereye/chestcavity/client/modernui/config/data/SoulConfigDataClient.java
/home/kiz/Code/java/ChestCavityForge/src/main/java/net/tigereye/chestcavity/soul/playerghost/client/PlayerGhostRenderer.java
/home/kiz/Code/java/ChestCavityForge/src/main/java/net/tigereye/chestcavity/compat/guzhenren/item/xue_dao/behavior/TiexueguOrganBehavior.java
/home/kiz/Code/java/ChestCavityForge/src/main/java/net/tigereye/chestcavity/compat/guzhenren/item/combo/jian_dao/messages/JianDaoComboMessages.java
/home/kiz/Code/java/ChestCavityForge/src/main/java/net/tigereye/chestcavity/soul/fakeplayer/brain/debug/BrainDebugLogger.java
/home/kiz/Code/java/ChestCavityForge/src/main/java/net/tigereye/chestcavity/soul/ai/SoulCombatOps.java
/home/kiz/Code/java/ChestCavityForge/src/main/java/net/tigereye/chestcavity/compat/guzhenren/util/behavior/TickOps.java
/home/kiz/Code/java/ChestCavityForge/src/main/java/net/tigereye/chestcavity/compat/guzhenren/event/NoDropEvents.java
/home/kiz/Code/java/ChestCavityForge/src/main/java/kizuna/guzhenren_event_ext/common/system_modules/actions/SpawnHostileGuCultivatorAction.java
/home/kiz/Code/java/ChestCavityForge/src/main/java/net/tigereye/chestcavity/compat/guzhenren/flyingsword/calculator/FlyingSwordCalculator.java
/home/kiz/Code/java/ChestCavityForge/src/main/java/net/tigereye/chestcavity/compat/guzhenren/domain/DomainHelper.java
/home/kiz/Code/java/ChestCavityForge/src/main/java/net/tigereye/chestcavity/compat/guzhenren/domain/AbstractDomain.java
/home/kiz/Code/java/ChestCavityForge/src/main/java/net/tigereye/chestcavity/compat/guzhenren/flyingsword/events/impl/DefaultEventHooks.java
/home/kiz/Code/java/ChestCavityForge/src/main/java/kizuna/guzhenren_event_ext/common/system/loader/EventLoader.java
/home/kiz/Code/java/ChestCavityForge/src/main/java/net/tigereye/chestcavity/compat/guzhenren/flyingsword/ai/behavior/HoverBehavior.java
/home/kiz/Code/java/ChestCavityForge/src/main/java/net/tigereye/chestcavity/compat/guzhenren/rift/client/RiftRenderer.java
/home/kiz/Code/java/ChestCavityForge/src/main/java/net/tigereye/chestcavity/compat/guzhenren/item/shui_dao/behavior/LingXianguOrganBehavior.java
/home/kiz/Code/java/ChestCavityForge/src/main/java/net/tigereye/chestcavity/compat/guzhenren/item/jian_dao/calculator/JianXinGuCalc.java
/home/kiz/Code/java/ChestCavityForge/src/main/java/net/tigereye/chestcavity/compat/common/skillcalc/mod/AttackerFlagBonusModifier.java
/home/kiz/Code/java/ChestCavityForge/src/main/java/net/tigereye/chestcavity/skill/effects/SkillEffectBus.java
/home/kiz/Code/java/ChestCavityForge/src/main/java/net/tigereye/chestcavity/soul/navigation/net/BaritoneClientPlanner.java
/home/kiz/Code/java/ChestCavityForge/src/main/java/net/tigereye/chestcavity/compat/guzhenren/item/combo/jian_dao/cost/JianDaoRenShouComboCostOps.java
/home/kiz/Code/java/ChestCavityForge/src/main/java/net/tigereye/chestcavity/registration/UseItemEffectBuilder.java
/home/kiz/Code/java/ChestCavityForge/src/main/java/net/tigereye/chestcavity/compat/common/agent/Agents.java
/home/kiz/Code/java/ChestCavityForge/src/main/java/net/tigereye/chestcavity/compat/guzhenren/item/combo/bian_hua/yu_shi/runtime/YuShiRuntime.java
/home/kiz/Code/java/ChestCavityForge/src/main/java/net/tigereye/chestcavity/soul/combat/handlers/MeleeAttackHandler.java
/home/kiz/Code/java/ChestCavityForge/src/main/java/net/tigereye/chestcavity/soul/fakeplayer/actions/core/RefineGuActionFactory.java
/home/kiz/Code/java/ChestCavityForge/src/main/java/net/tigereye/chestcavity/soul/runtime/ItemVacuumHandler.java
/home/kiz/Code/java/ChestCavityForge/src/main/java/net/tigereye/chestcavity/compat/guzhenren/domain/DomainTags.java
/home/kiz/Code/java/ChestCavityForge/src/main/java/net/tigereye/chestcavity/compat/guzhenren/util/behavior/ProgressionOps.java
/home/kiz/Code/java/ChestCavityForge/src/main/java/net/tigereye/chestcavity/compat/guzhenren/item/bing_xue_dao/calculator/ChanceOps.java
/home/kiz/Code/java/ChestCavityForge/src/main/java/net/tigereye/chestcavity/compat/guzhenren/flyingsword/ops/SoundOps.java
/home/kiz/Code/java/ChestCavityForge/src/main/java/net/tigereye/chestcavity/client/hud/TestHudOverlay.java
/home/kiz/Code/java/ChestCavityForge/src/main/java/net/tigereye/chestcavity/compat/guzhenren/item/bing_xue_dao/behavior/passive/ShuangXiGuPassive.java
/home/kiz/Code/java/ChestCavityForge/src/main/java/net/tigereye/chestcavity/compat/guzhenren/flyingsword/ui/TUITheme.java
/home/kiz/Code/java/ChestCavityForge/src/main/java/net/tigereye/chestcavity/skill/effects/EffectContext.java
/home/kiz/Code/java/ChestCavityForge/src/main/java/kizuna/guzhenren_event_ext/common/system/EventManager.java
/home/kiz/Code/java/ChestCavityForge/src/main/java/net/tigereye/chestcavity/compat/guzhenren/item/li_dao/entity/MadBullEntity.java
/home/kiz/Code/java/ChestCavityForge/src/main/java/net/tigereye/chestcavity/soul/fakeplayer/brain/debug/BrainDebugEvent.java
/home/kiz/Code/java/ChestCavityForge/src/main/java/net/tigereye/chestcavity/compat/guzhenren/util/GuzhenrenFlowTooltipResolver.java
/home/kiz/Code/java/ChestCavityForge/src/main/java/net/tigereye/chestcavity/compat/guzhenren/commands/SwordDomainConfigCommand.java
/home/kiz/Code/java/ChestCavityForge/src/main/java/net/tigereye/chestcavity/compat/guzhenren/item/bing_xue_dao/behavior/passive/QingReGuPassive.java
/home/kiz/Code/java/ChestCavityForge/src/main/java/net/tigereye/chestcavity/compat/guzhenren/item/gu_dao/behavior/LuoXuanGuQiangguOrganBehavior.java
/home/kiz/Code/java/ChestCavityForge/src/main/java/net/tigereye/chestcavity/util/reaction/FireHitEvents.java
/home/kiz/Code/java/ChestCavityForge/src/main/java/net/tigereye/chestcavity/compat/guzhenren/rift/FlyingSwordRiftHook.java
/home/kiz/Code/java/ChestCavityForge/src/main/java/net/tigereye/chestcavity/compat/guzhenren/flyingsword/client/FlyingSwordRenderer.java
/home/kiz/Code/java/ChestCavityForge/src/main/java/net/tigereye/chestcavity/compat/guzhenren/item/bing_xue_dao/calculator/ConeFilter.java
/home/kiz/Code/java/ChestCavityForge/src/main/java/net/tigereye/chestcavity/compat/guzhenren/gufang/GuFangRecipe.java
/home/kiz/Code/java/ChestCavityForge/src/main/java/net/tigereye/chestcavity/compat/guzhenren/util/behavior/SoundOps.java
/home/kiz/Code/java/ChestCavityForge/src/main/java/net/tigereye/chestcavity/soul/fakeplayer/actions/registry/ActionRegistry.java
/home/kiz/Code/java/ChestCavityForge/src/main/java/net/tigereye/chestcavity/soul/fakeplayer/actions/state/ActionStateManager.java
/home/kiz/Code/java/ChestCavityForge/src/main/java/net/tigereye/chestcavity/compat/common/agent/AgentTempState.java
/home/kiz/Code/java/ChestCavityForge/src/main/java/net/tigereye/chestcavity/compat/guzhenren/item/bing_xue_dao/runtime/IceBurstRuntime.java
/home/kiz/Code/java/ChestCavityForge/src/main/java/net/tigereye/chestcavity/util/reaction/ReactionRegistry.java
/home/kiz/Code/java/ChestCavityForge/src/main/java/net/tigereye/chestcavity/client/ui/HudUiPaint.java
/home/kiz/Code/java/ChestCavityForge/src/main/java/net/tigereye/chestcavity/compat/guzhenren/flyingsword/client/orientation/OrientationOps.java
/home/kiz/Code/java/ChestCavityForge/src/main/java/net/tigereye/chestcavity/compat/guzhenren/item/feng_dao/fx/FengFx.java
/home/kiz/Code/java/ChestCavityForge/src/main/java/net/tigereye/chestcavity/soul/ai/SoulAIOrderHandler.java
/home/kiz/Code/java/ChestCavityForge/src/main/java/net/tigereye/chestcavity/soul/fakeplayer/brain/debug/BrainDebugProbe.java
/home/kiz/Code/java/ChestCavityForge/src/main/java/net/tigereye/chestcavity/compat/guzhenren/domain/client/TransparentTextureResolver.java
/home/kiz/Code/java/ChestCavityForge/src/main/java/net/tigereye/chestcavity/soul/fakeplayer/SoulSwitchGuard.java
/home/kiz/Code/java/ChestCavityForge/src/main/java/net/tigereye/chestcavity/compat/guzhenren/flyingsword/calculator/hooks/FlyingSwordCalcRegistry.java
/home/kiz/Code/java/ChestCavityForge/src/main/java/net/tigereye/chestcavity/compat/guzhenren/item/jian_dao/calculator/JianXinGuPassiveCalc.java
/home/kiz/Code/java/ChestCavityForge/src/main/java/net/tigereye/chestcavity/guzhenren/util/CultivationHelper.java
/home/kiz/Code/java/ChestCavityForge/src/main/java/net/tigereye/chestcavity/compat/guzhenren/item/bing_xue_dao/runtime/FrostBreathRuntime.java
/home/kiz/Code/java/ChestCavityForge/src/main/java/net/tigereye/chestcavity/soul/fakeplayer/brain/subbrain/utility/FollowSubBrain.java
/home/kiz/Code/java/ChestCavityForge/src/main/java/net/tigereye/chestcavity/compat/guzhenren/util/behavior/CountdownOps.java
/home/kiz/Code/java/ChestCavityForge/src/main/java/net/tigereye/chestcavity/compat/guzhenren/item/bing_xue_dao/messages/FailNotifier.java
/home/kiz/Code/java/ChestCavityForge/src/main/java/net/tigereye/chestcavity/compat/guzhenren/flyingsword/ai/trajectory/impl/BoomerangTrajectory.java
/home/kiz/Code/java/ChestCavityForge/src/main/java/net/tigereye/chestcavity/soul/container/SoulContainer.java
/home/kiz/Code/java/ChestCavityForge/src/main/java/net/tigereye/chestcavity/soul/fakeplayer/brain/model/ExplorationPlan.java
/home/kiz/Code/java/ChestCavityForge/src/main/java/net/tigereye/chestcavity/compat/guzhenren/flyingsword/client/override/SwordModelOverrideRegistry.java
/home/kiz/Code/java/ChestCavityForge/src/main/java/net/tigereye/chestcavity/client/modernui/config/ChestCavityConfigFragment.java
/home/kiz/Code/java/ChestCavityForge/src/main/java/net/tigereye/chestcavity/compat/guzhenren/item/jian_dao/behavior/organ/LieJianGuOrganBehavior.java
/home/kiz/Code/java/ChestCavityForge/src/main/java/net/tigereye/chestcavity/soul/ai/SoulEvadeHelper.java
/home/kiz/Code/java/ChestCavityForge/src/main/java/net/tigereye/chestcavity/soul/fakeplayer/SoulFakePlayerSpawner.java
/home/kiz/Code/java/ChestCavityForge/src/main/java/net/tigereye/chestcavity/compat/guzhenren/item/tian_dao/behavior/ShouGuOrganBehavior.java
/home/kiz/Code/java/ChestCavityForge/src/main/java/net/tigereye/chestcavity/compat/guzhenren/flyingsword/ai/swarm/QingLianSwordSwarm.java
/home/kiz/Code/java/ChestCavityForge/src/main/java/net/tigereye/chestcavity/soul/navigation/BaritoneSoulNavigator.java
/home/kiz/Code/java/ChestCavityForge/src/main/java/net/tigereye/chestcavity/compat/guzhenren/item/bing_xue_dao/calculator/AoEFalloff.java
/home/kiz/Code/java/ChestCavityForge/src/main/java/net/tigereye/chestcavity/compat/guzhenren/item/combo/jian_dao/fx/JianDaoComboFx.java
/home/kiz/Code/java/ChestCavityForge/src/main/java/net/tigereye/chestcavity/guzhenren/util/PlayerSkinUtil.java
/home/kiz/Code/java/ChestCavityForge/src/main/java/net/tigereye/chestcavity/compat/guzhenren/item/jian_dao/behavior/organ/JianYuGuOrganBehavior.java
/home/kiz/Code/java/ChestCavityForge/src/main/java/net/tigereye/chestcavity/soul/fakeplayer/actions/core/CultivateAction.java
/home/kiz/Code/java/ChestCavityForge/src/main/java/net/tigereye/chestcavity/network/packets/CooldownReadyToastPayload.java
/home/kiz/Code/java/ChestCavityForge/src/main/java/net/tigereye/chestcavity/compat/guzhenren/rift/RiftFx.java
/home/kiz/Code/java/ChestCavityForge/src/main/java/net/tigereye/chestcavity/compat/guzhenren/util/behavior/MultiCooldown.java
/home/kiz/Code/java/ChestCavityForge/src/main/java/net/tigereye/chestcavity/compat/guzhenren/util/behavior/Cooldown.java
/home/kiz/Code/java/ChestCavityForge/src/main/java/net/tigereye/chestcavity/compat/guzhenren/item/combo/jian_dao/behavior/JianDaoFirstComboBehavior.java
/home/kiz/Code/java/ChestCavityForge/src/main/java/net/tigereye/chestcavity/compat/guzhenren/item/yan_dao/behavior/HuoTanGuOrganBehavior.java
/home/kiz/Code/java/ChestCavityForge/src/main/java/net/tigereye/chestcavity/compat/guzhenren/flyingsword/integration/ward/WardState.java
/home/kiz/Code/java/ChestCavityForge/src/main/java/net/tigereye/chestcavity/soul/navigation/plan/BaritonePathPlanner.java
/home/kiz/Code/java/ChestCavityForge/src/main/java/net/tigereye/chestcavity/soul/registry/SoulRuntimeHandlerRegistry.java
/home/kiz/Code/java/ChestCavityForge/src/main/java/net/tigereye/chestcavity/compat/guzhenren/item/combo/jian_dao/behavior/JianDaoRenShouComboBehavior.java
/home/kiz/Code/java/ChestCavityForge/src/main/java/net/tigereye/chestcavity/compat/guzhenren/item/jian_dao/behavior/organ/JianXinGuOrganBehavior.java
/home/kiz/Code/java/ChestCavityForge/src/main/java/net/tigereye/chestcavity/skill/effects/builtin/CompositeEffect.java
/home/kiz/Code/java/ChestCavityForge/src/main/java/net/tigereye/chestcavity/compat/guzhenren/item/jian_dao/ui/CloneInventoryMenu.java
/home/kiz/Code/java/ChestCavityForge/src/main/java/kizuna/guzhenren_event_ext/common/util/GuAugmentUtil.java
/home/kiz/Code/java/ChestCavityForge/src/main/java/net/tigereye/chestcavity/soul/util/SoulNamePool.java
/home/kiz/Code/java/ChestCavityForge/src/main/java/net/tigereye/chestcavity/compat/guzhenren/domain/impl/jianxin/state/DomainConfigOps.java
/home/kiz/Code/java/ChestCavityForge/src/main/java/net/tigereye/chestcavity/client/modernui/config/network/SoulConfigSetVacuumPayload.java
/home/kiz/Code/java/ChestCavityForge/src/main/java/net/tigereye/chestcavity/soul/profile/InventorySnapshot.java
/home/kiz/Code/java/ChestCavityForge/src/main/java/net/tigereye/chestcavity/soul/profile/PlayerStatsSnapshot.java
/home/kiz/Code/java/ChestCavityForge/src/main/java/net/tigereye/chestcavity/compat/guzhenren/flyingsword/FlyingSwordSpawner.java
/home/kiz/Code/java/ChestCavityForge/src/main/java/net/tigereye/chestcavity/compat/guzhenren/flyingsword/util/ItemDurabilityUtil.java
/home/kiz/Code/java/ChestCavityForge/src/main/java/net/tigereye/chestcavity/compat/guzhenren/domain/DomainMovementOps.java
/home/kiz/Code/java/ChestCavityForge/src/main/java/net/tigereye/chestcavity/compat/guzhenren/rift/RiftEntity.java
/home/kiz/Code/java/ChestCavityForge/src/main/java/net/tigereye/chestcavity/soul/combat/SoulAttackRegistry.java
/home/kiz/Code/java/ChestCavityForge/src/main/java/net/tigereye/chestcavity/soul/fakeplayer/brain/BrainController.java
/home/kiz/Code/java/ChestCavityForge/src/main/java/net/tigereye/chestcavity/compat/guzhenren/item/gu_dao/behavior/GangjinguOrganBehavior.java
/home/kiz/Code/java/ChestCavityForge/src/main/java/net/tigereye/chestcavity/soul/runtime/SoulLLMControlHandler.java
/home/kiz/Code/java/ChestCavityForge/src/main/java/net/tigereye/chestcavity/compat/common/skillcalc/DamageComputeContext.java
/home/kiz/Code/java/ChestCavityForge/src/main/java/net/tigereye/chestcavity/compat/guzhenren/item/common/ShadowService.java
/home/kiz/Code/java/ChestCavityForge/src/main/java/net/tigereye/chestcavity/soul/command/SoulCommands.java
/home/kiz/Code/java/ChestCavityForge/src/main/java/net/tigereye/chestcavity/compat/guzhenren/item/jian_dao/events/JiandaoFreezeUseItemEvents.java
/home/kiz/Code/java/ChestCavityForge/src/main/java/net/tigereye/chestcavity/compat/guzhenren/item/shui_dao/behavior/JiezeguOrganBehavior.java
/home/kiz/Code/java/ChestCavityForge/src/main/java/net/tigereye/chestcavity/compat/guzhenren/item/jian_dao/fx/SuiRenGuFx.java
/home/kiz/Code/java/ChestCavityForge/src/main/java/net/tigereye/chestcavity/engine/dot/DoTEngine.java
/home/kiz/Code/java/ChestCavityForge/src/main/java/net/tigereye/chestcavity/compat/guzhenren/item/tian_dao/calculator/ShouGuCalculator.java
/home/kiz/Code/java/ChestCavityForge/src/main/java/net/tigereye/chestcavity/compat/guzhenren/item/combo/bian_hua/yu_qun/fx/YuQunFx.java
/home/kiz/Code/java/ChestCavityForge/src/main/java/net/tigereye/chestcavity/client/modernui/config/network/SoulConfigNetworkHelper.java
/home/kiz/Code/java/ChestCavityForge/src/main/java/net/tigereye/chestcavity/soul/registry/SoulPeriodicRegistry.java
/home/kiz/Code/java/ChestCavityForge/src/main/java/net/tigereye/chestcavity/compat/guzhenren/flyingsword/calculator/hooks/DefaultHooks.java
/home/kiz/Code/java/ChestCavityForge/src/main/java/net/tigereye/chestcavity/soul/registry/SoulWritePolicyRegistry.java
/home/kiz/Code/java/ChestCavityForge/src/main/java/net/tigereye/chestcavity/compat/guzhenren/flyingsword/client/profile/SwordVisualProfileRegistry.java
/home/kiz/Code/java/ChestCavityForge/src/main/java/net/tigereye/chestcavity/compat/guzhenren/item/bing_xue_dao/behavior/passive/BingBuGuPassive.java
/home/kiz/Code/java/ChestCavityForge/src/main/java/net/tigereye/chestcavity/compat/guzhenren/flyingsword/client/pipeline/AimResolver.java
/home/kiz/Code/java/ChestCavityForge/src/main/java/net/tigereye/chestcavity/compat/guzhenren/item/tu_dao/behavior/ShiPiGuOrganBehavior.java
/home/kiz/Code/java/ChestCavityForge/src/main/java/net/tigereye/chestcavity/compat/guzhenren/util/behavior/ResourceOps.java
/home/kiz/Code/java/ChestCavityForge/src/main/java/net/tigereye/chestcavity/compat/guzhenren/flyingsword/ai/ward/PathfindingContext.java
/home/kiz/Code/java/ChestCavityForge/src/main/java/net/tigereye/chestcavity/soul/fakeplayer/brain/model/Blackboard.java
/home/kiz/Code/java/ChestCavityForge/src/main/java/net/tigereye/chestcavity/compat/guzhenren/flyingsword/FlyingSwordAttributes.java
/home/kiz/Code/java/ChestCavityForge/src/main/java/net/tigereye/chestcavity/soul/fakeplayer/actions/core/UseItemActionFactory.java
/home/kiz/Code/java/ChestCavityForge/src/main/java/net/tigereye/chestcavity/engine/reaction/DelayedDamageEngine.java
/home/kiz/Code/java/ChestCavityForge/src/main/java/net/tigereye/chestcavity/util/reaction/ReactionStatuses.java
/home/kiz/Code/java/ChestCavityForge/src/main/java/net/tigereye/chestcavity/util/reaction/tag/ReactionTagAliases.java
/home/kiz/Code/java/ChestCavityForge/src/main/java/net/tigereye/chestcavity/soul/registry/BackgroundSnapshotFilters.java
/home/kiz/Code/java/ChestCavityForge/src/main/java/net/tigereye/chestcavity/compat/guzhenren/flyingsword/events/hooks/JianYingGuShadowHook.java
/home/kiz/Code/java/ChestCavityForge/src/main/java/net/tigereye/chestcavity/compat/guzhenren/flyingsword/ai/behavior/TargetFinder.java
/home/kiz/Code/java/ChestCavityForge/src/main/java/net/tigereye/chestcavity/soul/entity/SoulClanManager.java
/home/kiz/Code/java/ChestCavityForge/src/main/java/net/tigereye/chestcavity/compat/guzhenren/flyingsword/util/ItemAffinityUtil.java
/home/kiz/Code/java/ChestCavityForge/src/main/java/net/tigereye/chestcavity/compat/guzhenren/item/bing_xue_dao/runtime/ColdEffectOps.java
/home/kiz/Code/java/ChestCavityForge/src/main/java/net/tigereye/chestcavity/soul/fakeplayer/actions/core/HealingAction.java
/home/kiz/Code/java/ChestCavityForge/src/main/java/net/tigereye/chestcavity/soul/profile/SoulProfile.java
/home/kiz/Code/java/ChestCavityForge/src/main/java/net/tigereye/chestcavity/compat/guzhenren/flyingsword/client/fx/FlyingSwordFX.java
/home/kiz/Code/java/ChestCavityForge/src/main/java/net/tigereye/chestcavity/compat/guzhenren/item/jian_dao/entity/PersistentGuCultivatorClone.java
/home/kiz/Code/java/ChestCavityForge/src/main/java/net/tigereye/chestcavity/compat/guzhenren/item/combo/jian_dao/cost/JianDaoComboCostOps.java
/home/kiz/Code/java/ChestCavityForge/src/main/java/net/tigereye/chestcavity/compat/guzhenren/item/feng_dao/messages/FengMessages.java
/home/kiz/Code/java/ChestCavityForge/src/main/java/net/tigereye/chestcavity/compat/guzhenren/util/behavior/AIIntrospection.java
/home/kiz/Code/java/ChestCavityForge/src/main/java/net/tigereye/chestcavity/compat/guzhenren/item/jian_dao/client/PersistentGuCultivatorCloneRenderer.java
/home/kiz/Code/java/ChestCavityForge/src/main/java/net/tigereye/chestcavity/engine/reaction/ReactionRuntime.java
/home/kiz/Code/java/ChestCavityForge/src/main/java/net/tigereye/chestcavity/compat/guzhenren/flyingsword/init/FlyingSwordInit.java
/home/kiz/Code/java/ChestCavityForge/src/main/java/net/tigereye/chestcavity/compat/guzhenren/item/combo/bian_hua/yu_shi/fx/YuShiFx.java
/home/kiz/Code/java/ChestCavityForge/src/main/java/net/tigereye/chestcavity/compat/guzhenren/flyingsword/state/FlyingSwordCooldownAttachment.java
/home/kiz/Code/java/ChestCavityForge/src/main/java/net/tigereye/chestcavity/compat/guzhenren/flyingsword/ai/trajectory/templates/CurvedInterceptTemplate.java
/home/kiz/Code/java/ChestCavityForge/src/main/java/net/tigereye/chestcavity/compat/common/skillcalc/mod/DefenderResistanceModifier.java
/home/kiz/Code/java/ChestCavityForge/src/main/java/net/tigereye/chestcavity/registration/UseItemHookRegistry.java
/home/kiz/Code/java/ChestCavityForge/src/main/java/net/tigereye/chestcavity/soul/fakeplayer/actions/core/UseItemAction.java
/home/kiz/Code/java/ChestCavityForge/src/main/java/net/tigereye/chestcavity/soul/runtime/CultivationHandler.java
/home/kiz/Code/java/ChestCavityForge/src/main/java/net/tigereye/chestcavity/compat/guzhenren/flyingsword/systems/RiderControlSystem.java
/home/kiz/Code/java/ChestCavityForge/src/main/java/net/tigereye/chestcavity/compat/guzhenren/flyingsword/integration/cooldown/FlyingSwordCooldownOps.java
/home/kiz/Code/java/ChestCavityForge/src/main/java/net/tigereye/chestcavity/soul/fakeplayer/brain/model/ExplorationTarget.java
/home/kiz/Code/java/ChestCavityForge/src/main/java/net/tigereye/chestcavity/soul/navigation/SoulNavigationMirror.java
/home/kiz/Code/java/ChestCavityForge/src/main/java/net/tigereye/chestcavity/soul/fakeplayer/actions/core/GuardAction.java
/home/kiz/Code/java/ChestCavityForge/src/main/java/net/tigereye/chestcavity/soul/entity/SoulClanEntity.java
/home/kiz/Code/java/ChestCavityForge/src/main/java/net/tigereye/chestcavity/compat/guzhenren/item/combo/jian_dao/calculator/JianDaoComboCalculator.java
/home/kiz/Code/java/ChestCavityForge/src/main/java/net/tigereye/chestcavity/compat/guzhenren/item/xue_dao/behavior/XieyanguOrganBehavior.java
/home/kiz/Code/java/ChestCavityForge/src/main/java/net/tigereye/chestcavity/skill/effects/SkillTempState.java
/home/kiz/Code/java/ChestCavityForge/src/main/java/net/tigereye/chestcavity/soul/util/SoulPlayerInput.java
/home/kiz/Code/java/ChestCavityForge/src/main/java/net/tigereye/chestcavity/compat/guzhenren/flyingsword/client/profile/SwordVisualProfileLoader.java
/home/kiz/Code/java/ChestCavityForge/src/main/java/net/tigereye/chestcavity/soul/runtime/SelfHealHandler.java
/home/kiz/Code/java/ChestCavityForge/src/main/java/net/tigereye/chestcavity/compat/guzhenren/flyingsword/ops/BlockBreakOps.java
/home/kiz/Code/java/ChestCavityForge/src/main/java/net/tigereye/chestcavity/compat/guzhenren/item/jian_dao/runtime/SwordShadowRuntime.java
/home/kiz/Code/java/ChestCavityForge/src/main/java/net/tigereye/chestcavity/compat/guzhenren/item/combo/bian_hua/yin_yang/transfer/fx/TransferFx.java
/home/kiz/Code/java/ChestCavityForge/src/main/java/net/tigereye/chestcavity/soul/combat/handlers/GuzhenrenBuffItemAttackHandler.java
/home/kiz/Code/java/ChestCavityForge/src/main/java/net/tigereye/chestcavity/compat/common/agent/AgentContext.java
/home/kiz/Code/java/ChestCavityForge/src/main/java/net/tigereye/chestcavity/compat/guzhenren/item/synergy/SheShengQuYiSynergyBehavior.java
/home/kiz/Code/java/ChestCavityForge/src/main/java/net/tigereye/chestcavity/compat/guzhenren/flyingsword/integration/domain/SwordSpeedModifiers.java
/home/kiz/Code/java/ChestCavityForge/src/main/java/net/tigereye/chestcavity/compat/guzhenren/item/jian_dao/client/SwordShadowCloneRenderer.java
/home/kiz/Code/java/ChestCavityForge/src/main/java/net/tigereye/chestcavity/soul/util/SoulRenderSync.java
/home/kiz/Code/java/ChestCavityForge/src/main/java/net/tigereye/chestcavity/compat/guzhenren/flyingsword/integration/domain/SwordDomainDamageHook.java
/home/kiz/Code/java/ChestCavityForge/src/main/java/net/tigereye/chestcavity/compat/guzhenren/item/jian_dao/behavior/organ/JianXinGuStateOps.java
/home/kiz/Code/java/ChestCavityForge/src/main/java/net/tigereye/chestcavity/engine/reaction/EffectsEngine.java
/home/kiz/Code/java/ChestCavityForge/src/main/java/net/tigereye/chestcavity/compat/guzhenren/domain/SwordDomainOps.java
/home/kiz/Code/java/ChestCavityForge/src/main/java/net/tigereye/chestcavity/compat/guzhenren/item/du_dao/calculator/ChouPiGuCalculator.java
/home/kiz/Code/java/ChestCavityForge/src/main/java/net/tigereye/chestcavity/compat/guzhenren/item/mu_dao/behavior/LiandaoGuOrganBehavior.java
/home/kiz/Code/java/ChestCavityForge/src/main/java/net/tigereye/chestcavity/compat/guzhenren/item/xue_dao/behavior/XieWangGuOrganBehavior.java
/home/kiz/Code/java/ChestCavityForge/src/main/java/net/tigereye/chestcavity/compat/guzhenren/gufang/GuFangRecipeRegistry.java
/home/kiz/Code/java/ChestCavityForge/src/main/java/net/tigereye/chestcavity/skill/effects/builtin/AttributeEffect.java
/home/kiz/Code/java/ChestCavityForge/src/main/java/net/tigereye/chestcavity/compat/guzhenren/flyingsword/FlyingSwordController.java
/home/kiz/Code/java/ChestCavityForge/src/main/java/net/tigereye/chestcavity/soul/registry/SoulSwitchHooks.java
/home/kiz/Code/java/ChestCavityForge/src/main/java/net/tigereye/chestcavity/soul/fakeplayer/actions/core/RefineGuAction.java
/home/kiz/Code/java/ChestCavityForge/src/main/java/net/tigereye/chestcavity/compat/guzhenren/item/jian_dao/calculator/JianYuGuCalc.java
/home/kiz/Code/java/ChestCavityForge/src/main/java/net/tigereye/chestcavity/compat/guzhenren/util/behavior/Scaling.java
/home/kiz/Code/java/ChestCavityForge/src/main/java/net/tigereye/chestcavity/compat/guzhenren/flyingsword/util/ItemIdentityUtil.java
/home/kiz/Code/java/ChestCavityForge/src/main/java/net/tigereye/chestcavity/compat/guzhenren/item/feng_dao/calculator/QingFengCalculator.java
/home/kiz/Code/java/ChestCavityForge/src/main/java/net/tigereye/chestcavity/soul/fakeplayer/actions/core/ForceFightAction.java
/home/kiz/Code/java/ChestCavityForge/src/main/java/net/tigereye/chestcavity/skill/effects/builtin/ResourceFieldSnapshotEffect.java
/home/kiz/Code/java/ChestCavityForge/src/main/java/net/tigereye/chestcavity/soul/runtime/SoulLLMInstructionChannel.java
/home/kiz/Code/java/ChestCavityForge/src/main/java/net/tigereye/chestcavity/skill/effects/builtin/UseItemPhaseFilterEffect.java
/home/kiz/Code/java/ChestCavityForge/src/main/java/net/tigereye/chestcavity/skill/ComboSkillRegistry.java
/home/kiz/Code/java/ChestCavityForge/src/main/java/net/tigereye/chestcavity/guzhenren/resource/YuanLaoGuHelper.java
/home/kiz/Code/java/ChestCavityForge/src/main/java/net/tigereye/chestcavity/compat/guzhenren/util/behavior/DelayedTaskScheduler.java
/home/kiz/Code/java/ChestCavityForge/src/main/java/net/tigereye/chestcavity/soul/combat/handlers/GuzhenrenAttackAbilityHandler.java
/home/kiz/Code/java/ChestCavityForge/src/main/java/net/tigereye/chestcavity/compat/guzhenren/flyingsword/events/FlyingSwordEventRegistry.java
/home/kiz/Code/java/ChestCavityForge/src/main/java/net/tigereye/chestcavity/compat/guzhenren/flyingsword/FlyingSwordEntity.java
/home/kiz/Code/java/ChestCavityForge/src/main/java/net/tigereye/chestcavity/compat/guzhenren/domain/impl/jianxin/tuning/JianXinDomainMath.java

Files with IndentationCheck:
/home/kiz/Code/java/ChestCavityForge/src/main/java/net/tigereye/chestcavity/registration/UseItemHookRegistry.java
/home/kiz/Code/java/ChestCavityForge/src/main/java/net/tigereye/chestcavity/compat/guzhenren/commands/WuxingGuiBianConfigCommand.java
/home/kiz/Code/java/ChestCavityForge/src/main/java/kizuna/guzhenren_event_ext/common/commands/GuzhenrenEventExtCommand.java
/home/kiz/Code/java/ChestCavityForge/src/main/java/net/tigereye/chestcavity/util/DoTTypes.java
/home/kiz/Code/java/ChestCavityForge/src/main/java/net/tigereye/chestcavity/soul/fakeplayer/actions/core/RefineGuActionFactory.java
/home/kiz/Code/java/ChestCavityForge/src/main/java/net/tigereye/chestcavity/compat/guzhenren/commands/SwordDomainConfigCommand.java
/home/kiz/Code/java/ChestCavityForge/src/main/java/net/tigereye/chestcavity/compat/guzhenren/commands/WuxingConfigCommand.java
/home/kiz/Code/java/ChestCavityForge/src/main/java/net/tigereye/chestcavity/engine/fx/FxTimelineEngine.java
/home/kiz/Code/java/ChestCavityForge/src/main/java/net/tigereye/chestcavity/soul/fakeplayer/actions/core/UseItemActionFactory.java
/home/kiz/Code/java/ChestCavityForge/src/main/java/net/tigereye/chestcavity/guzhenren/XindeItemKeys.java
/home/kiz/Code/java/ChestCavityForge/src/main/java/net/tigereye/chestcavity/compat/guzhenren/flyingsword/FlyingSwordCommand.java
/home/kiz/Code/java/ChestCavityForge/src/main/java/net/tigereye/chestcavity/compat/guzhenren/flyingsword/state/FlyingSwordCooldownAttachment.java
